\BOOKMARK [0][]{Contents.0}{\376\377\000T\000a\000b\000l\000e\000\040\000o\000f\000\040\000c\000o\000n\000t\000e\000n\000t\000s}{}% 1
\BOOKMARK [0][]{chapter*.5}{\376\377\000L\000i\000s\000t\000\040\000o\000f\000\040\000f\000i\000g\000u\000r\000e\000s}{}% 2
\BOOKMARK [0][]{chapter*.6}{\376\377\000L\000i\000s\000t\000\040\000o\000f\000\040\000t\000a\000b\000l\000e\000s}{}% 3
\BOOKMARK [0][]{chapter.1}{\376\377\0001\000\040\000I\000n\000t\000r\000o\000d\000u\000c\000t\000i\000o\000n}{}% 4
\BOOKMARK [0][]{chapter.2}{\376\377\0002\000\040\000L\000a\000t\000t\000i\000c\000e\000\040\000Q\000C\000D}{}% 5
\BOOKMARK [1][]{section.2.1}{\376\377\0002\000.\0001\000\040\000Q\000C\000D\000\040\000i\000n\000\040\000t\000h\000e\000\040\000C\000o\000n\000t\000i\000n\000u\000u\000m}{chapter.2}% 6
\BOOKMARK [2][]{subsection.2.1.1}{\376\377\0002\000.\0001\000.\0001\000\040\000Q\000u\000a\000r\000k\000s\000\040\000a\000n\000d\000\040\000G\000a\000u\000g\000e\000\040\000I\000n\000v\000a\000r\000i\000a\000n\000c\000e}{section.2.1}% 7
\BOOKMARK [2][]{subsection.2.1.2}{\376\377\0002\000.\0001\000.\0002\000\040\000F\000i\000e\000l\000d\000\040\000S\000t\000r\000e\000n\000g\000t\000h\000\040\000T\000e\000n\000s\000o\000r}{section.2.1}% 8
\BOOKMARK [2][]{subsection.2.1.3}{\376\377\0002\000.\0001\000.\0003\000\040\000P\000u\000r\000e\000\040\000G\000a\000u\000g\000e\000\040\000A\000c\000t\000i\000o\000n}{section.2.1}% 9
\BOOKMARK [1][]{section.2.2}{\376\377\0002\000.\0002\000\040\000L\000a\000t\000t\000i\000c\000e\000\040\000D\000i\000s\000c\000r\000e\000t\000i\000s\000a\000t\000i\000o\000n}{chapter.2}% 10
\BOOKMARK [1][]{section.2.3}{\376\377\0002\000.\0003\000\040\000G\000a\000u\000g\000e\000\040\000F\000i\000x\000i\000n\000g}{chapter.2}% 11
\BOOKMARK [2][]{subsection.2.3.1}{\376\377\0002\000.\0003\000.\0001\000\040\000L\000a\000n\000d\000a\000u\000\040\000G\000a\000u\000g\000e}{section.2.3}% 12
\BOOKMARK [1][]{section.2.4}{\376\377\0002\000.\0004\000\040\000L\000a\000t\000t\000i\000c\000e\000\040\000u\000n\000i\000t\000s}{chapter.2}% 13
\BOOKMARK [0][]{chapter.3}{\376\377\0003\000\040\000T\000o\000p\000o\000l\000o\000g\000y\000\040\000o\000f\000\040\000t\000h\000e\000\040\000L\000a\000t\000t\000i\000c\000e}{}% 14
\BOOKMARK [1][]{section.3.1}{\376\377\0003\000.\0001\000\040\000C\000o\000n\000f\000i\000n\000e\000m\000e\000n\000t}{chapter.3}% 15
\BOOKMARK [1][]{section.3.2}{\376\377\0003\000.\0002\000\040\000C\000e\000n\000t\000r\000e\000\040\000V\000o\000r\000t\000i\000c\000e\000s}{chapter.3}% 16
\BOOKMARK [2][]{subsection.3.2.1}{\376\377\0003\000.\0002\000.\0001\000\040\000C\000u\000r\000r\000e\000n\000t\000\040\000E\000v\000i\000d\000e\000n\000c\000e\000\040\000f\000o\000r\000\040\000C\000e\000n\000t\000r\000e\000\040\000V\000o\000r\000t\000i\000c\000e\000s}{section.3.2}% 17
\BOOKMARK [1][]{section.3.3}{\376\377\0003\000.\0003\000\040\000L\000o\000c\000a\000t\000i\000n\000g\000\040\000C\000e\000n\000t\000r\000e\000\040\000V\000o\000r\000t\000i\000c\000e\000s}{chapter.3}% 18
\BOOKMARK [2][]{subsection.3.3.1}{\376\377\0003\000.\0003\000.\0001\000\040\000M\000a\000x\000i\000m\000a\000l\000\040\000C\000e\000n\000t\000r\000e\000\040\000G\000a\000u\000g\000e}{section.3.3}% 19
\BOOKMARK [2][]{subsection.3.3.2}{\376\377\0003\000.\0003\000.\0002\000\040\000C\000e\000n\000t\000r\000e\000\040\000P\000r\000o\000j\000e\000c\000t\000i\000o\000n}{section.3.3}% 20
\BOOKMARK [1][]{section.3.4}{\376\377\0003\000.\0004\000\040\000F\000u\000r\000t\000h\000e\000r\000\040\000T\000o\000p\000o\000l\000o\000g\000i\000c\000a\000l\000\040\000Q\000u\000a\000n\000t\000i\000t\000i\000e\000s}{chapter.3}% 21
\BOOKMARK [2][]{subsection.3.4.1}{\376\377\0003\000.\0004\000.\0001\000\040\000T\000o\000p\000o\000l\000o\000g\000i\000c\000a\000l\000\040\000C\000h\000a\000r\000g\000e}{section.3.4}% 22
\BOOKMARK [2][]{subsection.3.4.2}{\376\377\0003\000.\0004\000.\0002\000\040\000I\000n\000s\000t\000a\000n\000t\000o\000n\000s}{section.3.4}% 23
\BOOKMARK [1][]{section.3.5}{\376\377\0003\000.\0005\000\040\000S\000u\000m\000m\000a\000r\000y}{chapter.3}% 24
\BOOKMARK [0][]{chapter.4}{\376\377\0004\000\040\000L\000a\000t\000t\000i\000c\000e\000\040\000C\000o\000n\000f\000i\000g\000u\000r\000a\000t\000i\000o\000n\000s\000\040\000a\000n\000d\000\040\000t\000h\000e\000\040\000G\000l\000u\000o\000n\000\040\000P\000r\000o\000p\000a\000g\000a\000t\000o\000r}{}% 25
\BOOKMARK [1][]{section.4.1}{\376\377\0004\000.\0001\000\040\000L\000a\000t\000t\000i\000c\000e\000\040\000D\000e\000f\000i\000n\000i\000t\000i\000o\000n\000\040\000o\000f\000\040\000t\000h\000e\000\040\000G\000l\000u\000o\000n\000\040\000P\000r\000o\000p\000a\000g\000a\000t\000o\000r}{chapter.4}% 26
\BOOKMARK [1][]{section.4.2}{\376\377\0004\000.\0002\000\040\000M\000o\000m\000e\000n\000t\000u\000m\000\040\000V\000a\000r\000i\000a\000b\000l\000e\000s}{chapter.4}% 27
\BOOKMARK [1][]{section.4.3}{\376\377\0004\000.\0003\000\040\000L\000a\000t\000t\000i\000c\000e\000\040\000P\000a\000r\000a\000m\000e\000t\000e\000r\000s\000\040\000a\000n\000d\000\040\000D\000a\000t\000a\000\040\000C\000u\000t\000s}{chapter.4}% 28
\BOOKMARK [0][]{chapter.5}{\376\377\0005\000\040\000S\000m\000o\000o\000t\000h\000i\000n\000g}{}% 29
\BOOKMARK [1][]{section.5.1}{\376\377\0005\000.\0001\000\040\000S\000m\000o\000o\000t\000h\000i\000n\000g\000\040\000M\000e\000t\000h\000o\000d\000s}{chapter.5}% 30
\BOOKMARK [2][]{subsection.5.1.1}{\376\377\0005\000.\0001\000.\0001\000\040\000C\000o\000o\000l\000i\000n\000g}{section.5.1}% 31
\BOOKMARK [2][]{subsection.5.1.2}{\376\377\0005\000.\0001\000.\0002\000\040\000O\000v\000e\000r\000-\000I\000m\000p\000r\000o\000v\000e\000d\000\040\000S\000m\000e\000a\000r\000i\000n\000g}{section.5.1}% 32
\BOOKMARK [1][]{section.5.2}{\376\377\0005\000.\0002\000\040\000R\000e\000s\000u\000l\000t\000s\000\040\000f\000r\000o\000m\000\040\000t\000h\000e\000\040\000G\000l\000u\000o\000n\000\040\000P\000r\000o\000p\000a\000g\000a\000t\000o\000r}{chapter.5}% 33
\BOOKMARK [0][]{chapter.6}{\376\377\0006\000\040\000G\000l\000u\000o\000n\000\040\000P\000r\000o\000p\000a\000g\000a\000t\000o\000r\000\040\000o\000n\000\040\000V\000o\000r\000t\000e\000x\000-\000M\000o\000d\000i\000f\000i\000e\000d\000\040\000B\000a\000c\000k\000g\000r\000o\000u\000n\000d\000s}{}% 34
\BOOKMARK [1][]{section.6.1}{\376\377\0006\000.\0001\000\040\000P\000r\000e\000l\000i\000m\000i\000n\000a\000r\000y\000\040\000R\000e\000s\000u\000l\000t\000s}{chapter.6}% 35
\BOOKMARK [2][]{subsection.6.1.1}{\376\377\0006\000.\0001\000.\0001\000\040\000P\000a\000r\000t\000i\000t\000i\000o\000n\000i\000n\000g}{section.6.1}% 36
\BOOKMARK [2][]{subsection.6.1.2}{\376\377\0006\000.\0001\000.\0002\000\040\000R\000e\000n\000o\000r\000m\000a\000l\000i\000s\000a\000t\000i\000o\000n}{section.6.1}% 37
\BOOKMARK [1][]{section.6.2}{\376\377\0006\000.\0002\000\040\000I\000m\000p\000a\000c\000t\000\040\000o\000f\000\040\000C\000o\000o\000l\000i\000n\000g}{chapter.6}% 38
\BOOKMARK [1][]{section.6.3}{\376\377\0006\000.\0003\000\040\000S\000u\000m\000m\000a\000r\000y}{chapter.6}% 39
\BOOKMARK [0][]{chapter.7}{\376\377\0007\000\040\000C\000e\000n\000t\000r\000e\000\040\000V\000o\000r\000t\000e\000x\000\040\000V\000i\000s\000u\000a\000l\000i\000s\000a\000t\000i\000o\000n\000s}{}% 40
\BOOKMARK [1][]{section.7.1}{\376\377\0007\000.\0001\000\040\000T\000i\000m\000e\000\040\000S\000l\000i\000c\000e\000s}{chapter.7}% 41
\BOOKMARK [1][]{section.7.2}{\376\377\0007\000.\0002\000\040\000T\000i\000m\000e\000-\000O\000r\000i\000e\000n\000t\000e\000d\000\040\000L\000i\000n\000k\000s}{chapter.7}% 42
\BOOKMARK [1][]{section.7.3}{\376\377\0007\000.\0003\000\040\000T\000o\000p\000o\000l\000o\000g\000i\000c\000a\000l\000\040\000C\000h\000a\000r\000g\000e}{chapter.7}% 43
\BOOKMARK [1][]{section.7.4}{\376\377\0007\000.\0004\000\040\000C\000e\000n\000t\000r\000e\000\040\000V\000o\000r\000t\000i\000c\000e\000s\000\040\000a\000n\000d\000\040\000T\000o\000p\000o\000l\000o\000g\000i\000c\000a\000l\000\040\000C\000h\000a\000r\000g\000e}{chapter.7}% 44
\BOOKMARK [0][]{chapter.8}{\376\377\0008\000\040\000C\000o\000n\000c\000l\000u\000s\000i\000o\000n}{}% 45
\BOOKMARK [0][]{chapter*.34}{\376\377\000R\000e\000f\000e\000r\000e\000n\000c\000e\000s}{}% 46
\BOOKMARK [0][]{Appendix.a.A}{\376\377\000A\000p\000p\000e\000n\000d\000i\000x\000\040\000A\000\040\000T\000a\000y\000l\000o\000r\000\040\000e\000x\000p\000a\000n\000s\000i\000o\000n\000\040\000o\000f\000\040\000P}{}% 47
\BOOKMARK [0][]{Appendix.a.B}{\376\377\000A\000p\000p\000e\000n\000d\000i\000x\000\040\000B\000\040\000P\000r\000o\000p\000e\000r\000t\000i\000e\000s\000\040\000o\000f\000\040\000t\000h\000e\000\040\000a\000d\000j\000o\000i\000n\000t\000\040\000r\000e\000p\000r\000e\000s\000e\000n\000t\000a\000t\000i\000o\000n}{}% 48
\BOOKMARK [0][]{Appendix.a.C}{\376\377\000A\000p\000p\000e\000n\000d\000i\000x\000\040\000C\000\040\000E\000v\000a\000l\000u\000a\000t\000i\000o\000n\000\040\000o\000f\000\040\000R\000e\000`\0003\003\001\0009\000`\0004\0002\000`\000"\003\007\0006\0001\0003\000A\000`\000`\0004\0005\000`\0004\0007\000`\000"\0006\0000\0003\000A\000T\000r\000\050\000F\0001\000\050\000U\000\051\000U\000\051}{}% 49
